[06:39:00] Searching for collection named: 'a - non-SSRN Screening'
[06:39:03]   Found collection key: X5MG34TK
[06:39:03] Fetching items from collection X5MG34TK...
[06:40:35]   Queue size: 2952
[06:47:13]   [10/2952] discard=2 maybe=0 keep=8 err=0 rate=0.03/s eta=1953min
[06:53:32]   [20/2952] discard=7 maybe=0 keep=13 err=0 rate=0.03/s eta=1899min
[07:00:18]   [30/2952] discard=13 maybe=2 keep=15 err=0 rate=0.03/s eta=1921min
[07:06:42]   [40/2952] discard=17 maybe=7 keep=16 err=0 rate=0.03/s eta=1901min
[07:13:06]   [50/2952] discard=22 maybe=7 keep=21 err=0 rate=0.03/s eta=1888min
[07:20:15]   [60/2952] discard=27 maybe=8 keep=25 err=0 rate=0.03/s eta=1912min
[07:26:52]   [70/2952] discard=32 maybe=9 keep=29 err=0 rate=0.03/s eta=1906min
[07:33:30]   [80/2952] discard=38 maybe=11 keep=31 err=0 rate=0.03/s eta=1900min
[07:40:01]   [90/2952] discard=46 maybe=11 keep=33 err=0 rate=0.03/s eta=1890min
[07:46:33]   [100/2952] discard=50 maybe=13 keep=37 err=0 rate=0.03/s eta=1882min
[07:53:15]   [110/2952] discard=51 maybe=14 keep=45 err=0 rate=0.03/s eta=1878min
[07:59:58]   [120/2952] discard=54 maybe=17 keep=49 err=0 rate=0.03/s eta=1873min
[08:06:46]   [130/2952] discard=54 maybe=17 keep=59 err=0 rate=0.03/s eta=1871min
[08:13:31]   [140/2952] discard=57 maybe=19 keep=64 err=0 rate=0.03/s eta=1867min
[08:19:58]   [150/2952] discard=61 maybe=20 keep=69 err=0 rate=0.03/s eta=1857min
[08:26:33]   [160/2952] discard=65 maybe=22 keep=73 err=0 rate=0.03/s eta=1849min
[08:33:04]   [170/2952] discard=70 maybe=24 keep=76 err=0 rate=0.03/s eta=1841min
[08:40:05]   [180/2952] discard=72 maybe=27 keep=81 err=0 rate=0.03/s eta=1840min
[08:46:45]   [190/2952] discard=79 maybe=29 keep=82 err=0 rate=0.03/s eta=1834min
[08:53:19]   [200/2952] discard=82 maybe=33 keep=85 err=0 rate=0.03/s eta=1827min
[08:59:47]   [210/2952] discard=88 maybe=37 keep=85 err=0 rate=0.03/s eta=1818min
[09:06:26]   [220/2952] discard=92 maybe=42 keep=86 err=0 rate=0.03/s eta=1811min
[09:12:46]   [230/2952] discard=99 maybe=42 keep=89 err=0 rate=0.03/s eta=1801min
[09:19:54]   [240/2952] discard=105 maybe=44 keep=91 err=0 rate=0.03/s eta=1800min
[09:26:33]   [250/2952] discard=111 maybe=46 keep=93 err=0 rate=0.03/s eta=1794min
[09:33:04]   [260/2952] discard=116 maybe=46 keep=98 err=0 rate=0.03/s eta=1786min
[09:39:47]   [270/2952] discard=122 maybe=49 keep=99 err=0 rate=0.03/s eta=1780min
[09:46:19]   [280/2952] discard=127 maybe=53 keep=100 err=0 rate=0.03/s eta=1773min
[09:52:56]   [290/2952] discard=133 maybe=55 keep=102 err=0 rate=0.03/s eta=1766min
[09:59:12]   [300/2952] discard=137 maybe=58 keep=105 err=0 rate=0.03/s eta=1756min
[10:05:30]   [310/2952] discard=146 maybe=58 keep=106 err=0 rate=0.03/s eta=1746min
[10:12:11]   [320/2952] discard=149 maybe=64 keep=107 err=0 rate=0.03/s eta=1740min
[10:18:31]   [330/2952] discard=156 maybe=66 keep=108 err=0 rate=0.03/s eta=1732min
[10:24:52]   [340/2952] discard=165 maybe=67 keep=108 err=0 rate=0.03/s eta=1723min
[10:31:12]   [350/2952] discard=173 maybe=68 keep=109 err=0 rate=0.03/s eta=1715min
[10:37:27]   [360/2952] discard=177 maybe=71 keep=112 err=0 rate=0.03/s eta=1705min
[10:43:46]   [370/2952] discard=181 maybe=71 keep=118 err=0 rate=0.03/s eta=1697min
[10:50:09]   [380/2952] discard=189 maybe=73 keep=118 err=0 rate=0.03/s eta=1689min
[10:56:26]   [390/2952] discard=193 maybe=77 keep=120 err=0 rate=0.03/s eta=1681min
[11:02:42]   [400/2952] discard=197 maybe=83 keep=120 err=0 rate=0.03/s eta=1672min
[11:08:57]   [410/2952] discard=199 maybe=89 keep=122 err=0 rate=0.03/s eta=1664min
[11:15:11]   [420/2952] discard=203 maybe=94 keep=123 err=0 rate=0.03/s eta=1656min
[11:21:25]   [430/2952] discard=209 maybe=98 keep=123 err=0 rate=0.03/s eta=1647min
[11:27:49]   [440/2952] discard=213 maybe=104 keep=123 err=0 rate=0.03/s eta=1640min
[11:34:04]   [450/2952] discard=215 maybe=112 keep=123 err=0 rate=0.03/s eta=1632min
[11:40:25]   [460/2952] discard=215 maybe=122 keep=123 err=0 rate=0.03/s eta=1624min
[11:46:49]   [470/2952] discard=222 maybe=125 keep=123 err=0 rate=0.03/s eta=1617min
[11:53:03]   [480/2952] discard=232 maybe=125 keep=123 err=0 rate=0.03/s eta=1609min
[11:59:25]   [490/2952] discard=239 maybe=126 keep=125 err=0 rate=0.03/s eta=1602min
[12:06:02]   [500/2952] discard=247 maybe=128 keep=125 err=0 rate=0.03/s eta=1596min
[12:12:22]   [510/2952] discard=251 maybe=133 keep=126 err=0 rate=0.03/s eta=1589min
[12:18:53]   [520/2952] discard=255 maybe=138 keep=127 err=0 rate=0.03/s eta=1582min
[12:25:35]   [530/2952] discard=261 maybe=141 keep=128 err=0 rate=0.03/s eta=1577min
[12:32:12]   [540/2952] discard=267 maybe=143 keep=130 err=0 rate=0.03/s eta=1571min
[12:38:59]   [550/2952] discard=270 maybe=147 keep=133 err=0 rate=0.03/s eta=1565min
[12:45:36]   [560/2952] discard=274 maybe=148 keep=138 err=0 rate=0.03/s eta=1559min
[12:52:27]   [570/2952] discard=281 maybe=151 keep=138 err=0 rate=0.03/s eta=1554min
[12:58:47]   [580/2952] discard=289 maybe=153 keep=138 err=0 rate=0.03/s eta=1547min
[13:05:49]   [590/2952] discard=295 maybe=155 keep=140 err=0 rate=0.03/s eta=1542min
[13:12:19]   [600/2952] discard=301 maybe=158 keep=141 err=0 rate=0.03/s eta=1536min
[13:18:43]   [610/2952] discard=304 maybe=159 keep=147 err=0 rate=0.03/s eta=1529min
[13:25:28]   [620/2952] discard=309 maybe=161 keep=150 err=0 rate=0.03/s eta=1523min
[13:32:02]   [630/2952] discard=315 maybe=164 keep=151 err=0 rate=0.03/s eta=1517min
[13:38:35]   [640/2952] discard=318 maybe=167 keep=155 err=0 rate=0.03/s eta=1510min
[13:45:01]   [650/2952] discard=321 maybe=170 keep=159 err=0 rate=0.03/s eta=1503min
[13:51:32]   [660/2952] discard=325 maybe=173 keep=162 err=0 rate=0.03/s eta=1497min
[13:58:01]   [670/2952] discard=330 maybe=175 keep=165 err=0 rate=0.03/s eta=1490min
[14:04:34]   [680/2952] discard=335 maybe=176 keep=169 err=0 rate=0.03/s eta=1483min
[14:10:51]   [690/2952] discard=341 maybe=178 keep=171 err=0 rate=0.03/s eta=1476min
[14:17:43]   [700/2952] discard=344 maybe=184 keep=172 err=0 rate=0.03/s eta=1471min
[14:23:58]   [710/2952] discard=350 maybe=186 keep=174 err=0 rate=0.03/s eta=1463min
[14:30:20]   [720/2952] discard=359 maybe=187 keep=174 err=0 rate=0.03/s eta=1456min
[14:36:55]   [730/2952] discard=366 maybe=187 keep=177 err=0 rate=0.03/s eta=1450min
[14:43:20]   [740/2952] discard=372 maybe=189 keep=179 err=0 rate=0.03/s eta=1443min
[14:49:55]   [750/2952] discard=375 maybe=194 keep=181 err=0 rate=0.03/s eta=1437min
[14:56:12]   [760/2952] discard=382 maybe=195 keep=183 err=0 rate=0.03/s eta=1429min
[15:02:51]   [770/2952] discard=387 maybe=199 keep=184 err=0 rate=0.03/s eta=1423min
[15:09:16]   [780/2952] discard=394 maybe=199 keep=187 err=0 rate=0.03/s eta=1416min
[15:15:31]   [790/2952] discard=403 maybe=200 keep=187 err=0 rate=0.03/s eta=1409min
[15:21:48]   [800/2952] discard=411 maybe=201 keep=188 err=0 rate=0.03/s eta=1402min
[15:28:44]   [810/2952] discard=417 maybe=204 keep=189 err=0 rate=0.03/s eta=1397min
[15:35:18]   [820/2952] discard=426 maybe=205 keep=189 err=0 rate=0.03/s eta=1390min
[15:41:56]   [830/2952] discard=433 maybe=208 keep=189 err=0 rate=0.03/s eta=1384min
[15:48:17]   [840/2952] discard=441 maybe=209 keep=190 err=0 rate=0.03/s eta=1377min
[15:54:35]   [850/2952] discard=443 maybe=212 keep=195 err=0 rate=0.03/s eta=1370min
[16:01:07]   [860/2952] discard=448 maybe=216 keep=196 err=0 rate=0.03/s eta=1364min
[16:07:42]   [870/2952] discard=453 maybe=218 keep=199 err=0 rate=0.03/s eta=1357min
[16:14:24]   [880/2952] discard=455 maybe=224 keep=201 err=0 rate=0.03/s eta=1351min
[16:21:10]   [890/2952] discard=459 maybe=229 keep=202 err=0 rate=0.03/s eta=1345min
[16:27:42]   [900/2952] discard=466 maybe=230 keep=204 err=0 rate=0.03/s eta=1339min
[16:34:09]   [910/2952] discard=472 maybe=233 keep=205 err=0 rate=0.03/s eta=1332min
[16:40:41]   [920/2952] discard=478 maybe=234 keep=208 err=0 rate=0.03/s eta=1325min
[16:47:15]   [930/2952] discard=481 maybe=237 keep=212 err=0 rate=0.03/s eta=1319min
[16:53:53]   [940/2952] discard=488 maybe=237 keep=215 err=0 rate=0.03/s eta=1313min
[17:00:22]   [950/2952] discard=489 maybe=242 keep=219 err=0 rate=0.03/s eta=1306min
[17:06:41]   [960/2952] discard=492 maybe=245 keep=223 err=0 rate=0.03/s eta=1299min
[17:13:12]   [970/2952] discard=498 maybe=248 keep=224 err=0 rate=0.03/s eta=1293min
[17:20:12]   [980/2952] discard=504 maybe=250 keep=226 err=0 rate=0.03/s eta=1287min
[17:26:32]   [990/2952] discard=508 maybe=254 keep=228 err=0 rate=0.03/s eta=1280min
[17:33:16]   [1000/2952] discard=512 maybe=259 keep=229 err=0 rate=0.03/s eta=1274min
[17:39:48]   [1010/2952] discard=519 maybe=261 keep=230 err=0 rate=0.03/s eta=1268min
[17:46:03]   [1020/2952] discard=524 maybe=264 keep=232 err=0 rate=0.03/s eta=1260min
[17:52:20]   [1030/2952] discard=533 maybe=265 keep=232 err=0 rate=0.03/s eta=1254min
[17:58:34]   [1040/2952] discard=540 maybe=267 keep=233 err=0 rate=0.03/s eta=1246min
[18:05:14]   [1050/2952] discard=549 maybe=268 keep=233 err=0 rate=0.03/s eta=1240min
[18:11:40]   [1060/2952] discard=556 maybe=270 keep=234 err=0 rate=0.03/s eta=1234min
[18:18:28]   [1070/2952] discard=559 maybe=276 keep=235 err=0 rate=0.03/s eta=1227min
[18:24:56]   [1080/2952] discard=567 maybe=278 keep=235 err=0 rate=0.03/s eta=1221min
[18:31:43]   [1090/2952] discard=574 maybe=281 keep=235 err=0 rate=0.03/s eta=1215min
[18:38:01]   [1100/2952] discard=578 maybe=283 keep=239 err=0 rate=0.03/s eta=1208min
[18:44:33]   [1110/2952] discard=586 maybe=284 keep=240 err=0 rate=0.03/s eta=1201min
[18:51:15]   [1120/2952] discard=592 maybe=285 keep=243 err=0 rate=0.03/s eta=1195min
[18:57:39]   [1130/2952] discard=597 maybe=288 keep=245 err=0 rate=0.03/s eta=1188min
[19:04:21]   [1140/2952] discard=604 maybe=290 keep=246 err=0 rate=0.03/s eta=1182min
[19:11:08]   [1150/2952] discard=611 maybe=292 keep=247 err=0 rate=0.03/s eta=1176min
[19:17:29]   [1160/2952] discard=620 maybe=293 keep=247 err=0 rate=0.03/s eta=1169min
[19:24:06]   [1170/2952] discard=624 maybe=294 keep=252 err=0 rate=0.03/s eta=1163min
[19:30:32]   [1180/2952] discard=628 maybe=299 keep=253 err=0 rate=0.03/s eta=1156min
[19:37:19]   [1190/2952] discard=632 maybe=304 keep=254 err=0 rate=0.03/s eta=1150min
[19:43:57]   [1200/2952] discard=638 maybe=307 keep=255 err=0 rate=0.03/s eta=1144min
[19:50:25]   [1210/2952] discard=645 maybe=310 keep=255 err=0 rate=0.03/s eta=1137min
[19:56:56]   [1220/2952] discard=651 maybe=313 keep=256 err=0 rate=0.03/s eta=1131min
[20:03:19]   [1230/2952] discard=658 maybe=314 keep=258 err=0 rate=0.03/s eta=1124min
[20:09:52]   [1240/2952] discard=663 maybe=318 keep=259 err=0 rate=0.03/s eta=1117min
[20:16:08]   [1250/2952] discard=667 maybe=323 keep=260 err=0 rate=0.03/s eta=1110min
[20:22:34]   [1260/2952] discard=671 maybe=329 keep=260 err=0 rate=0.03/s eta=1104min
[20:28:59]   [1270/2952] discard=678 maybe=331 keep=261 err=0 rate=0.03/s eta=1097min
[20:35:27]   [1280/2952] discard=679 maybe=338 keep=263 err=0 rate=0.03/s eta=1091min
[20:42:00]   [1290/2952] discard=685 maybe=340 keep=265 err=0 rate=0.03/s eta=1084min
[20:48:31]   [1300/2952] discard=691 maybe=344 keep=265 err=0 rate=0.03/s eta=1078min
[20:54:45]   [1310/2952] discard=700 maybe=345 keep=265 err=0 rate=0.03/s eta=1071min
[21:01:00]   [1320/2952] discard=706 maybe=347 keep=267 err=0 rate=0.03/s eta=1064min
[21:07:36]   [1330/2952] discard=714 maybe=349 keep=267 err=0 rate=0.03/s eta=1057min
[21:14:10]   [1340/2952] discard=722 maybe=351 keep=267 err=0 rate=0.03/s eta=1051min
[21:20:44]   [1350/2952] discard=728 maybe=354 keep=268 err=0 rate=0.03/s eta=1044min
[21:27:26]   [1360/2952] discard=735 maybe=355 keep=270 err=0 rate=0.03/s eta=1038min
[21:33:47]   [1370/2952] discard=737 maybe=360 keep=273 err=0 rate=0.03/s eta=1031min
[21:40:13]   [1380/2952] discard=741 maybe=365 keep=274 err=0 rate=0.03/s eta=1025min
[21:47:26]   [1390/2952] discard=744 maybe=369 keep=277 err=0 rate=0.03/s eta=1019min
[21:54:03]   [1400/2952] discard=750 maybe=371 keep=279 err=0 rate=0.03/s eta=1013min
[22:00:45]   [1410/2952] discard=757 maybe=374 keep=279 err=0 rate=0.03/s eta=1006min
[22:07:01]   [1420/2952] discard=764 maybe=377 keep=279 err=0 rate=0.03/s eta=1000min
[22:13:35]   [1430/2952] discard=769 maybe=379 keep=282 err=0 rate=0.03/s eta=993min
[22:20:18]   [1440/2952] discard=775 maybe=380 keep=285 err=0 rate=0.03/s eta=987min
[22:27:06]   [1450/2952] discard=777 maybe=387 keep=286 err=0 rate=0.03/s eta=980min
[22:33:39]   [1460/2952] discard=784 maybe=388 keep=288 err=0 rate=0.03/s eta=974min
[22:40:12]   [1470/2952] discard=788 maybe=392 keep=290 err=0 rate=0.03/s eta=967min
[22:46:37]   [1480/2952] discard=793 maybe=395 keep=292 err=0 rate=0.03/s eta=961min
[22:53:02]   [1490/2952] discard=801 maybe=397 keep=292 err=0 rate=0.03/s eta=954min
[22:59:19]   [1500/2952] discard=809 maybe=398 keep=293 err=0 rate=0.03/s eta=947min
[23:06:04]   [1510/2952] discard=814 maybe=400 keep=296 err=0 rate=0.03/s eta=941min
[23:12:47]   [1520/2952] discard=819 maybe=404 keep=297 err=0 rate=0.03/s eta=935min
[23:19:24]   [1530/2952] discard=823 maybe=409 keep=298 err=0 rate=0.03/s eta=928min
[23:25:51]   [1540/2952] discard=830 maybe=409 keep=301 err=0 rate=0.03/s eta=922min
[23:32:26]   [1550/2952] discard=836 maybe=410 keep=304 err=0 rate=0.03/s eta=915min
[23:38:48]   [1560/2952] discard=841 maybe=415 keep=304 err=0 rate=0.03/s eta=909min
[23:45:22]   [1570/2952] discard=847 maybe=418 keep=305 err=0 rate=0.03/s eta=902min
[23:51:45]   [1580/2952] discard=854 maybe=420 keep=306 err=0 rate=0.03/s eta=895min
[23:58:16]   [1590/2952] discard=859 maybe=423 keep=308 err=0 rate=0.03/s eta=889min
[00:04:43]   [1600/2952] discard=866 maybe=425 keep=309 err=0 rate=0.03/s eta=882min
[00:11:25]   [1610/2952] discard=873 maybe=428 keep=309 err=0 rate=0.03/s eta=876min
[00:18:07]   [1620/2952] discard=877 maybe=432 keep=311 err=0 rate=0.03/s eta=870min
[00:24:50]   [1630/2952] discard=881 maybe=435 keep=314 err=0 rate=0.03/s eta=863min
[00:31:25]   [1640/2952] discard=884 maybe=440 keep=316 err=0 rate=0.03/s eta=857min
[00:37:58]   [1650/2952] discard=888 maybe=444 keep=318 err=0 rate=0.03/s eta=850min
[00:44:22]   [1660/2952] discard=895 maybe=445 keep=320 err=0 rate=0.03/s eta=844min
[00:50:37]   [1670/2952] discard=902 maybe=448 keep=320 err=0 rate=0.03/s eta=837min
[00:57:17]   [1680/2952] discard=907 maybe=452 keep=321 err=0 rate=0.03/s eta=830min
[01:03:42]   [1690/2952] discard=915 maybe=453 keep=322 err=0 rate=0.03/s eta=824min
[01:09:57]   [1700/2952] discard=925 maybe=453 keep=322 err=0 rate=0.03/s eta=817min
[01:16:37]   [1710/2952] discard=933 maybe=455 keep=322 err=0 rate=0.03/s eta=811min
[01:22:52]   [1720/2952] discard=941 maybe=456 keep=323 err=0 rate=0.03/s eta=804min
[01:29:05]   [1730/2952] discard=950 maybe=457 keep=323 err=0 rate=0.03/s eta=797min
[01:35:33]   [1740/2952] discard=957 maybe=459 keep=324 err=0 rate=0.03/s eta=791min
[01:41:52]   [1750/2952] discard=962 maybe=460 keep=328 err=0 rate=0.03/s eta=784min
[01:48:20]   [1760/2952] discard=969 maybe=461 keep=330 err=0 rate=0.03/s eta=777min
[01:55:03]   [1770/2952] discard=973 maybe=466 keep=331 err=0 rate=0.03/s eta=771min
[02:01:36]   [1780/2952] discard=979 maybe=469 keep=332 err=0 rate=0.03/s eta=764min
[02:08:09]   [1790/2952] discard=984 maybe=474 keep=332 err=0 rate=0.03/s eta=758min
[02:14:51]   [1800/2952] discard=991 maybe=476 keep=333 err=0 rate=0.03/s eta=752min
[02:21:06]   [1810/2952] discard=997 maybe=477 keep=336 err=0 rate=0.03/s eta=745min
[02:27:59]   [1820/2952] discard=1001 maybe=480 keep=339 err=0 rate=0.03/s eta=739min
[02:34:25]   [1830/2952] discard=1006 maybe=483 keep=341 err=0 rate=0.03/s eta=732min
[02:40:56]   [1840/2952] discard=1013 maybe=486 keep=341 err=0 rate=0.03/s eta=725min
[02:47:42]   [1850/2952] discard=1022 maybe=487 keep=341 err=0 rate=0.03/s eta=719min
[02:54:15]   [1860/2952] discard=1029 maybe=489 keep=342 err=0 rate=0.03/s eta=713min
[03:00:47]   [1870/2952] discard=1035 maybe=493 keep=342 err=0 rate=0.03/s eta=706min
[03:07:02]   [1880/2952] discard=1040 maybe=496 keep=344 err=0 rate=0.03/s eta=699min
[03:13:27]   [1890/2952] discard=1046 maybe=498 keep=346 err=0 rate=0.03/s eta=693min
[03:19:50]   [1900/2952] discard=1054 maybe=500 keep=346 err=0 rate=0.03/s eta=686min
[03:26:29]   [1910/2952] discard=1062 maybe=502 keep=346 err=0 rate=0.03/s eta=680min
[03:33:06]   [1920/2952] discard=1067 maybe=504 keep=349 err=0 rate=0.03/s eta=673min
[03:39:42]   [1930/2952] discard=1076 maybe=505 keep=349 err=0 rate=0.03/s eta=667min
[03:46:27]   [1940/2952] discard=1082 maybe=507 keep=351 err=0 rate=0.03/s eta=660min
[03:53:20]   [1950/2952] discard=1087 maybe=510 keep=353 err=0 rate=0.03/s eta=654min
[03:59:48]   [1960/2952] discard=1093 maybe=513 keep=354 err=0 rate=0.03/s eta=647min
[04:06:14]   [1970/2952] discard=1102 maybe=514 keep=354 err=0 rate=0.03/s eta=641min
[04:12:41]   [1980/2952] discard=1110 maybe=515 keep=355 err=0 rate=0.03/s eta=634min
[04:19:10]   [1990/2952] discard=1116 maybe=519 keep=355 err=0 rate=0.03/s eta=628min
[04:26:03]   [2000/2952] discard=1122 maybe=520 keep=358 err=0 rate=0.03/s eta=621min
[04:32:47]   [2010/2952] discard=1130 maybe=521 keep=359 err=0 rate=0.03/s eta=615min
[04:39:13]   [2020/2952] discard=1136 maybe=525 keep=359 err=0 rate=0.03/s eta=608min
[04:45:38]   [2030/2952] discard=1140 maybe=530 keep=360 err=0 rate=0.03/s eta=602min
[04:52:09]   [2040/2952] discard=1147 maybe=532 keep=361 err=0 rate=0.03/s eta=595min
[04:58:32]   [2050/2952] discard=1156 maybe=533 keep=361 err=0 rate=0.03/s eta=589min
[05:04:55]   [2060/2952] discard=1163 maybe=535 keep=362 err=0 rate=0.03/s eta=582min
[05:11:15]   [2070/2952] discard=1171 maybe=537 keep=362 err=0 rate=0.03/s eta=576min
[05:17:38]   [2080/2952] discard=1178 maybe=540 keep=362 err=0 rate=0.03/s eta=569min
[05:24:22]   [2090/2952] discard=1186 maybe=541 keep=363 err=0 rate=0.03/s eta=562min
[05:31:00]   [2100/2952] discard=1191 maybe=543 keep=366 err=0 rate=0.03/s eta=556min
[05:37:31]   [2110/2952] discard=1197 maybe=546 keep=367 err=0 rate=0.03/s eta=549min
[05:44:17]   [2120/2952] discard=1204 maybe=549 keep=367 err=0 rate=0.03/s eta=543min
[05:50:43]   [2130/2952] discard=1212 maybe=551 keep=367 err=0 rate=0.03/s eta=536min
[05:57:36]   [2140/2952] discard=1215 maybe=555 keep=370 err=0 rate=0.03/s eta=530min
[06:04:00]   [2150/2952] discard=1222 maybe=556 keep=372 err=0 rate=0.03/s eta=524min
[06:10:36]   [2160/2952] discard=1230 maybe=557 keep=373 err=0 rate=0.03/s eta=517min
[06:17:19]   [2170/2952] discard=1234 maybe=560 keep=376 err=0 rate=0.03/s eta=511min
[06:23:43]   [2180/2952] discard=1239 maybe=562 keep=379 err=0 rate=0.03/s eta=504min
[06:30:19]   [2190/2952] discard=1245 maybe=565 keep=380 err=0 rate=0.03/s eta=497min
[06:36:57]   [2200/2952] discard=1248 maybe=570 keep=382 err=0 rate=0.03/s eta=491min
[06:43:28]   [2210/2952] discard=1254 maybe=573 keep=383 err=0 rate=0.03/s eta=484min
[06:50:57]   [2220/2952] discard=1262 maybe=575 keep=383 err=0 rate=0.03/s eta=478min
[06:57:18]   [2230/2952] discard=1268 maybe=578 keep=384 err=0 rate=0.03/s eta=472min
[07:04:15]   [2240/2952] discard=1274 maybe=581 keep=385 err=0 rate=0.03/s eta=465min
[07:10:34]   [2250/2952] discard=1282 maybe=583 keep=385 err=0 rate=0.03/s eta=459min
[07:17:08]   [2260/2952] discard=1287 maybe=587 keep=386 err=0 rate=0.03/s eta=452min
[07:23:41]   [2270/2952] discard=1294 maybe=589 keep=387 err=0 rate=0.03/s eta=446min
[07:30:19]   [2280/2952] discard=1297 maybe=595 keep=388 err=0 rate=0.03/s eta=439min
[07:36:44]   [2290/2952] discard=1302 maybe=599 keep=389 err=0 rate=0.03/s eta=433min
[07:43:06]   [2300/2952] discard=1309 maybe=600 keep=391 err=0 rate=0.03/s eta=426min
[07:49:56]   [2310/2952] discard=1315 maybe=604 keep=391 err=0 rate=0.03/s eta=419min
[07:56:28]   [2320/2952] discard=1321 maybe=607 keep=392 err=0 rate=0.03/s eta=413min
[08:03:00]   [2330/2952] discard=1328 maybe=609 keep=393 err=0 rate=0.03/s eta=406min
[08:09:15]   [2340/2952] discard=1329 maybe=610 keep=401 err=0 rate=0.03/s eta=400min
[08:15:52]   [2350/2952] discard=1329 maybe=611 keep=410 err=0 rate=0.03/s eta=393min
[08:22:19]   [2360/2952] discard=1329 maybe=611 keep=420 err=0 rate=0.03/s eta=387min
[08:28:46]   [2370/2952] discard=1329 maybe=611 keep=430 err=0 rate=0.03/s eta=380min
[08:35:04]   [2380/2952] discard=1329 maybe=615 keep=436 err=0 rate=0.03/s eta=374min
[08:41:17]   [2390/2952] discard=1330 maybe=615 keep=445 err=0 rate=0.03/s eta=367min
[08:47:46]   [2400/2952] discard=1330 maybe=617 keep=453 err=0 rate=0.03/s eta=360min
[08:54:10]   [2410/2952] discard=1330 maybe=618 keep=462 err=0 rate=0.03/s eta=354min
[09:00:39]   [2420/2952] discard=1332 maybe=621 keep=467 err=0 rate=0.03/s eta=347min
[09:07:12]   [2430/2952] discard=1335 maybe=621 keep=474 err=0 rate=0.03/s eta=341min
[09:13:49]   [2440/2952] discard=1337 maybe=624 keep=479 err=0 rate=0.03/s eta=334min
[09:20:20]   [2450/2952] discard=1337 maybe=628 keep=485 err=0 rate=0.03/s eta=328min
[09:26:50]   [2460/2952] discard=1338 maybe=630 keep=492 err=0 rate=0.03/s eta=321min
[09:33:13]   [2470/2952] discard=1339 maybe=631 keep=500 err=0 rate=0.03/s eta=315min
[09:39:49]   [2480/2952] discard=1340 maybe=633 keep=507 err=0 rate=0.03/s eta=308min
[09:46:06]   [2490/2952] discard=1341 maybe=636 keep=513 err=0 rate=0.03/s eta=302min
[09:52:54]   [2500/2952] discard=1341 maybe=639 keep=520 err=0 rate=0.03/s eta=295min
[09:59:14]   [2510/2952] discard=1341 maybe=642 keep=527 err=0 rate=0.03/s eta=289min
[10:05:53]   [2520/2952] discard=1344 maybe=643 keep=533 err=0 rate=0.03/s eta=282min
[10:12:13]   [2530/2952] discard=1344 maybe=644 keep=542 err=0 rate=0.03/s eta=275min
[10:18:45]   [2540/2952] discard=1345 maybe=648 keep=547 err=0 rate=0.03/s eta=269min
[10:25:18]   [2550/2952] discard=1345 maybe=651 keep=554 err=0 rate=0.03/s eta=262min
[10:31:39]   [2560/2952] discard=1346 maybe=652 keep=562 err=0 rate=0.03/s eta=256min
[10:38:14]   [2570/2952] discard=1347 maybe=657 keep=566 err=0 rate=0.03/s eta=249min
[10:44:36]   [2580/2952] discard=1347 maybe=659 keep=574 err=0 rate=0.03/s eta=243min
[10:51:39]   [2590/2952] discard=1347 maybe=663 keep=580 err=0 rate=0.03/s eta=236min
[10:58:11]   [2600/2952] discard=1351 maybe=663 keep=586 err=0 rate=0.03/s eta=230min
[11:04:58]   [2610/2952] discard=1356 maybe=666 keep=588 err=0 rate=0.03/s eta=223min
[11:11:13]   [2620/2952] discard=1363 maybe=669 keep=588 err=0 rate=0.03/s eta=217min
[11:17:59]   [2630/2952] discard=1366 maybe=670 keep=594 err=0 rate=0.03/s eta=210min
[11:24:35]   [2640/2952] discard=1366 maybe=670 keep=604 err=0 rate=0.03/s eta=204min
[11:30:52]   [2650/2952] discard=1366 maybe=673 keep=611 err=0 rate=0.03/s eta=197min
[11:37:23]   [2660/2952] discard=1368 maybe=674 keep=618 err=0 rate=0.03/s eta=191min
[11:44:21]   [2670/2952] discard=1371 maybe=677 keep=622 err=0 rate=0.03/s eta=184min
[11:50:52]   [2680/2952] discard=1373 maybe=679 keep=628 err=0 rate=0.03/s eta=178min
[11:57:12]   [2690/2952] discard=1376 maybe=680 keep=634 err=0 rate=0.03/s eta=171min
[12:03:57]   [2700/2952] discard=1379 maybe=682 keep=639 err=0 rate=0.03/s eta=165min
[12:10:57]   [2710/2952] discard=1382 maybe=684 keep=644 err=0 rate=0.03/s eta=158min
[12:17:22]   [2720/2952] discard=1385 maybe=686 keep=649 err=0 rate=0.03/s eta=152min
[12:23:41]   [2730/2952] discard=1385 maybe=689 keep=656 err=0 rate=0.03/s eta=145min
[12:30:13]   [2740/2952] discard=1386 maybe=692 keep=662 err=0 rate=0.03/s eta=138min
[12:36:55]   [2750/2952] discard=1390 maybe=694 keep=666 err=0 rate=0.03/s eta=132min
[12:43:25]   [2760/2952] discard=1392 maybe=697 keep=671 err=0 rate=0.03/s eta=125min
[12:50:00]   [2770/2952] discard=1394 maybe=697 keep=679 err=0 rate=0.03/s eta=119min
[12:56:37]   [2780/2952] discard=1397 maybe=701 keep=682 err=0 rate=0.03/s eta=112min
[13:03:02]   [2790/2952] discard=1401 maybe=703 keep=686 err=0 rate=0.03/s eta=106min
[13:09:32]   [2800/2952] discard=1402 maybe=707 keep=691 err=0 rate=0.03/s eta=99min
[13:15:55]   [2810/2952] discard=1406 maybe=710 keep=694 err=0 rate=0.03/s eta=93min
[13:22:24]   [2820/2952] discard=1412 maybe=712 keep=696 err=0 rate=0.03/s eta=86min
[13:28:56]   [2830/2952] discard=1418 maybe=714 keep=698 err=0 rate=0.03/s eta=80min
[13:35:21]   [2840/2952] discard=1421 maybe=715 keep=704 err=0 rate=0.03/s eta=73min
[13:41:47]   [2850/2952] discard=1427 maybe=719 keep=704 err=0 rate=0.03/s eta=67min
[13:48:26]   [2860/2952] discard=1435 maybe=720 keep=705 err=0 rate=0.03/s eta=60min
[13:54:55]   [2870/2952] discard=1441 maybe=724 keep=705 err=0 rate=0.03/s eta=54min
[14:01:21]   [2880/2952] discard=1445 maybe=726 keep=709 err=0 rate=0.03/s eta=47min
[14:07:56]   [2890/2952] discard=1447 maybe=730 keep=713 err=0 rate=0.03/s eta=40min
[14:14:42]   [2900/2952] discard=1450 maybe=732 keep=718 err=0 rate=0.03/s eta=34min
[14:21:00]   [2910/2952] discard=1452 maybe=736 keep=722 err=0 rate=0.03/s eta=27min
[14:27:22]   [2920/2952] discard=1456 maybe=740 keep=724 err=0 rate=0.03/s eta=21min
[14:33:44]   [2930/2952] discard=1459 maybe=742 keep=729 err=0 rate=0.03/s eta=14min
[14:40:05]   [2940/2952] discard=1465 maybe=745 keep=730 err=0 rate=0.03/s eta=8min
[14:46:38]   [2950/2952] discard=1466 maybe=748 keep=736 err=0 rate=0.03/s eta=1min
[14:47:52] 
=== DONE ===
[14:47:52] Total processed: 2952
[14:47:52] Discarded: 1468
[14:47:52] Maybe: 748
[14:47:52] Kept: 736
[14:47:52] Errors: 0
[14:47:52] 
CSV: /home/scott/slr/non-ssrn/decisions.csv
[14:47:52] Decisions: /home/scott/slr/non-ssrn/decisions.jsonl
